[Sat Oct 15 14:12:23.600082 2022] [mpm_event:notice] [pid 70751:tid 4376233344] AH00489: Apache/2.4.54 (Unix) configured -- resuming normal operations
[Sat Oct 15 14:12:23.600234 2022] [core:notice] [pid 70751:tid 4376233344] AH00094: Command line: '/nix/store/hqfsbahdz164237crj5gfzyq2i4mkbd8-apache-httpd-2.4.54/bin/httpd -f /Users/johnlago/src/devbox-examples/servers/apache/conf/httpd/httpd.conf'
[Sat Oct 15 14:13:06.387531 2022] [mpm_event:notice] [pid 70751:tid 4376233344] AH00491: caught SIGTERM, shutting down
[Sat Oct 15 14:14:05.495162 2022] [mpm_event:notice] [pid 71743:tid 4382000512] AH00489: Apache/2.4.54 (Unix) configured -- resuming normal operations
[Sat Oct 15 14:14:05.495308 2022] [core:notice] [pid 71743:tid 4382000512] AH00094: Command line: '/nix/store/hqfsbahdz164237crj5gfzyq2i4mkbd8-apache-httpd-2.4.54/bin/httpd -f /Users/johnlago/src/devbox-examples/servers/apache/conf/httpd/httpd.conf'
[Sat Oct 15 14:16:00.658818 2022] [mpm_event:notice] [pid 71743:tid 4382000512] AH00491: caught SIGTERM, shutting down
[Sat Oct 15 14:16:05.868040 2022] [mpm_event:notice] [pid 72443:tid 4298048896] AH00489: Apache/2.4.54 (Unix) configured -- resuming normal operations
[Sat Oct 15 14:16:05.868185 2022] [core:notice] [pid 72443:tid 4298048896] AH00094: Command line: '/nix/store/hqfsbahdz164237crj5gfzyq2i4mkbd8-apache-httpd-2.4.54/bin/httpd -f /Users/johnlago/src/devbox-examples/servers/apache/conf/httpd/httpd.conf'
[Sat Oct 15 14:21:54.771569 2022] [mpm_event:notice] [pid 72443:tid 4298048896] AH00491: caught SIGTERM, shutting down
[Sat Oct 15 14:22:01.772156 2022] [mpm_event:notice] [pid 74040:tid 4311942528] AH00489: Apache/2.4.54 (Unix) configured -- resuming normal operations
[Sat Oct 15 14:22:01.772295 2022] [core:notice] [pid 74040:tid 4311942528] AH00094: Command line: '/nix/store/hqfsbahdz164237crj5gfzyq2i4mkbd8-apache-httpd-2.4.54/bin/httpd -f /Users/johnlago/src/devbox-examples/servers/apache/conf/httpd/httpd.conf'
[Sat Oct 15 14:22:24.400160 2022] [mpm_event:notice] [pid 74040:tid 4311942528] AH00491: caught SIGTERM, shutting down
[Tue Dec 06 16:03:16.907006 2022] [mpm_event:notice] [pid 14153:tid 8172168448] AH00489: Apache/2.4.54 (Unix) configured -- resuming normal operations
[Tue Dec 06 16:03:16.907354 2022] [core:notice] [pid 14153:tid 8172168448] AH00094: Command line: '/nix/store/bnzzvlkpjnbmj02mscv5jlg48kc8cphk-apache-httpd-2.4.54/bin/httpd -f /Users/johnlago/src/devbox-examples/servers/apache/conf/httpd/httpd.conf'
[Tue Dec 06 16:09:11.361066 2022] [mpm_event:notice] [pid 14153:tid 8172168448] AH00491: caught SIGTERM, shutting down
[Tue Dec 06 19:36:21.852781 2022] [mpm_event:notice] [pid 17794:tid 8172168448] AH00489: Apache/2.4.54 (Unix) configured -- resuming normal operations
[Tue Dec 06 19:36:21.853259 2022] [core:notice] [pid 17794:tid 8172168448] AH00094: Command line: '/nix/store/bnzzvlkpjnbmj02mscv5jlg48kc8cphk-apache-httpd-2.4.54/bin/httpd -f /Users/johnlago/src/devbox-examples/servers/apache/conf/httpd/httpd.conf'
[Tue Dec 06 19:36:34.640777 2022] [mpm_event:notice] [pid 17794:tid 8172168448] AH00491: caught SIGTERM, shutting down
[Tue Dec 06 19:36:51.474200 2022] [mpm_event:notice] [pid 18512:tid 8172168448] AH00489: Apache/2.4.54 (Unix) configured -- resuming normal operations
[Tue Dec 06 19:36:51.474384 2022] [core:notice] [pid 18512:tid 8172168448] AH00094: Command line: '/nix/store/bnzzvlkpjnbmj02mscv5jlg48kc8cphk-apache-httpd-2.4.54/bin/httpd -f /Users/johnlago/src/devbox-examples/servers/apache/conf/httpd/httpd.conf'
[Tue Dec 06 19:37:11.644763 2022] [mpm_event:notice] [pid 18512:tid 8172168448] AH00491: caught SIGTERM, shutting down
[Tue Dec 06 19:45:01.961440 2022] [mpm_event:notice] [pid 25654:tid 8172168448] AH00489: Apache/2.4.54 (Unix) configured -- resuming normal operations
[Tue Dec 06 19:45:01.961821 2022] [core:notice] [pid 25654:tid 8172168448] AH00094: Command line: '/nix/store/bnzzvlkpjnbmj02mscv5jlg48kc8cphk-apache-httpd-2.4.54/bin/httpd -f /Users/johnlago/src/devbox-examples/servers/apache/conf/httpd/httpd.conf'
[Tue Dec 06 19:45:29.668170 2022] [mpm_event:notice] [pid 25654:tid 8172168448] AH00491: caught SIGTERM, shutting down
[Tue Dec 06 19:45:33.449250 2022] [mpm_event:notice] [pid 26321:tid 8172168448] AH00489: Apache/2.4.54 (Unix) configured -- resuming normal operations
[Tue Dec 06 19:45:33.449418 2022] [core:notice] [pid 26321:tid 8172168448] AH00094: Command line: '/nix/store/bnzzvlkpjnbmj02mscv5jlg48kc8cphk-apache-httpd-2.4.54/bin/httpd -f /Users/johnlago/src/devbox-examples/servers/apache/conf/httpd/httpd.conf'
[Tue Dec 06 19:46:03.138839 2022] [mpm_event:notice] [pid 26321:tid 8172168448] AH00491: caught SIGTERM, shutting down
[Tue Dec 06 19:46:12.310003 2022] [mpm_event:notice] [pid 27017:tid 8172168448] AH00489: Apache/2.4.54 (Unix) configured -- resuming normal operations
[Tue Dec 06 19:46:12.310195 2022] [core:notice] [pid 27017:tid 8172168448] AH00094: Command line: '/nix/store/bnzzvlkpjnbmj02mscv5jlg48kc8cphk-apache-httpd-2.4.54/bin/httpd -f /Users/johnlago/src/devbox-examples/servers/apache/conf/httpd/httpd.conf'
[Tue Dec 06 19:46:57.478413 2022] [mpm_event:notice] [pid 27017:tid 8172168448] AH00491: caught SIGTERM, shutting down
[Tue Dec 06 19:47:01.478469 2022] [mpm_event:notice] [pid 27882:tid 8172168448] AH00489: Apache/2.4.54 (Unix) configured -- resuming normal operations
[Tue Dec 06 19:47:01.478643 2022] [core:notice] [pid 27882:tid 8172168448] AH00094: Command line: '/nix/store/bnzzvlkpjnbmj02mscv5jlg48kc8cphk-apache-httpd-2.4.54/bin/httpd -f /Users/johnlago/src/devbox-examples/servers/apache/conf/httpd/httpd.conf'
[Tue Dec 06 19:47:27.861337 2022] [mpm_event:notice] [pid 27882:tid 8172168448] AH00491: caught SIGTERM, shutting down
[Tue Dec 06 19:47:31.786167 2022] [mpm_event:notice] [pid 28536:tid 8172168448] AH00489: Apache/2.4.54 (Unix) configured -- resuming normal operations
[Tue Dec 06 19:47:31.786312 2022] [core:notice] [pid 28536:tid 8172168448] AH00094: Command line: '/nix/store/bnzzvlkpjnbmj02mscv5jlg48kc8cphk-apache-httpd-2.4.54/bin/httpd -f /Users/johnlago/src/devbox-examples/servers/apache/conf/httpd/httpd.conf'
[Tue Dec 06 20:31:31.780097 2022] [mpm_event:notice] [pid 28536:tid 8172168448] AH00491: caught SIGTERM, shutting down
